<?xml version="1.0" encoding="UTF-8"?>
<!-- Generated by org.testng.reporters.JUnitReportReporter -->
<testsuite skipped="0" hostname="ShAmIm" name="billingTechFios.MissionTestNG" tests="1" failures="0" timestamp="2021-01-21T21:04:28 CST" time="19.048" errors="0">
  <testcase name="loginTestA" time="19.048" classname="billingTechFios.MissionTestNG"/>
  <system-out/>
</testsuite> <!-- billingTechFios.MissionTestNG -->
