<?xml version="1.0" encoding="UTF-8"?>
<!-- Generated by org.testng.reporters.JUnitReportReporter -->
<testsuite skipped="0" hostname="ShAmIm" name="billingTechFios.MissionTestNG" tests="1" failures="0" timestamp="2021-01-20T22:45:27 CST" time="16.272" errors="0">
  <testcase name="loginTestA" time="16.272" classname="billingTechFios.MissionTestNG"/>
  <system-out/>
</testsuite> <!-- billingTechFios.MissionTestNG -->
